[0] TimeLeft | [1] I   | [2] TraceTime | [3] Hrs$ | [4] %GETs | [5] GETs$ | [6] PUTs$ | [7] STGet%$ | [8] PeakST%$ | [9] STGetNoCa%$ | [10] STPut%$ | [11] ReqMBs$ | [12] GetMBs$ | [13] PutMBs$ | [14] FlaMBs$ | [15] PreMBs$ | [16] STSaved%$ | [17] Accept%$ | [18] STLate%$ | [19] Wasted%$ | [20] EA$    | [21] AvgIAMax | [22] RAMGb | [23] EstTotalTime | [24] Speedup$ | [25] GET/Ts$ | [26] GET/s$ | [27] WarningRootEpNotfound | [28] WarningPutStartsAfterZero | [29] Flashcache/warningAdmittedEpsUnknown | [30] Flashcache/warningEvictedEpisodenotfound
2025-11-04 23:08:23> [0] 1.2m     | [1] 1   | [2] 1h        | [3] 1.0  | [4] 1.1   | [5] 1350  | [6] 95    | [7] 18.88   | [8] 0.00     | [9] 28.94       | [10] 4.34    | [11] 873.26  | [12] 637.82  | [13] 180.01  | [14] 636.47  | [15] 0.00    | [16] 34.7%     | [17] 100.00%  | [18] 42.7%    | [19] 100.0%   | [20] (4,8s) | [21] (4,11s)  | [22] 0.2   | [23] 1.2m         | [24] 4.70     | [25] 0.4     | [26] 1761.6 | [27] 1350 | [28] 95 | [29] 18340 | [30] 17522
2025-11-04 23:08:23> [0] 1.7m     | [1] 26  | [2] 1d2h      | [3] 25.0 | [4] 16.4  | [5] 19565 | [6] 3194  | [7] 19.65   | [8] 47.54    | [9] 21.04       | [10] 5.29    | [11] 725.47  | [12] 691.75  | [13] 213.73  | [14] 691.59  | [15] 0.00    | [16] 6.6%      | [17] 100.00%  | [18] 63.9%    | [19] 100.0%   | [20] (0,0s) | [21] (7,26s)  | [22] 0.2   | [23] 2m           | [24] 4.88     | [25] 0.2     | [26] 1061.4 | [27] 20915 | [28] 3289 | [29] 516357 | [30] 515539
2025-11-04 23:08:41> [0] 1.2m     | [1] 51  | [2] 2d3h      | [3] 25.0 | [4] 29.8  | [5] 16976 | [6] 3576  | [7] 15.36   | [8] 47.54    | [9] 15.95       | [10] 5.77    | [11] 511.08  | [12] 495.12  | [13] 231.92  | [14] 495.11  | [15] 0.00    | [16] 3.7%      | [17] 100.00%  | [18] 60.3%    | [19] 100.0%   | [20] (0,0s) | [21] (7,28s)  | [22] 0.2   | [23] 1.7m         | [24] 6.66     | [25] 0.2     | [26] 1255.6 | [27] 37891 | [28] 6865 | [29] 872792 | [30] 871974
2025-11-04 23:08:55> [0] 1.2m     | [1] 76  | [2] 3d4h      | [3] 25.0 | [4] 42.4  | [5] 16121 | [6] 3159  | [7] 15.83   | [8] 47.54    | [9] 16.08       | [10] 4.94    | [11] 533.33  | [12] 526.03  | [13] 196.64  | [14] 526.00  | [15] 0.00    | [16] 1.6%      | [17] 100.00%  | [18] 63.5%    | [19] 100.0%   | [20] (0,0s) | [21] (6,27s)  | [22] 0.1   | [23] 1.9m         | [24] 5.89     | [25] 0.2     | [26] 1055.4 | [27] 54012 | [28] 10024 | [29] 1251513 | [30] 1250695
2025-11-04 23:09:10> [0] 0.8m     | [1] 101 | [2] 4d5h      | [3] 25.0 | [4] 59.0  | [5] 21077 | [6] 3459  | [7] 20.65   | [8] 47.54    | [9] 20.92       | [10] 5.18    | [11] 692.04  | [12] 684.09  | [13] 203.67  | [14] 684.08  | [15] 0.00    | [16] 1.3%      | [17] 100.00%  | [18] 63.5%    | [19] 100.0%   | [20] (0,0s) | [21] (6,27s)  | [22] 0.2   | [23] 1.9m         | [24] 4.67     | [25] 0.2     | [26] 1093.3 | [27] 75089 | [28] 13483 | [29] 1744034 | [30] 1743216
2025-11-04 23:09:29> [0] 0.56m    | [1] 126 | [2] 5d6h      | [3] 25.0 | [4] 73.1  | [5] 17992 | [6] 2864  | [7] 19.20   | [8] 47.54    | [9] 19.36       | [10] 4.53    | [11] 668.09  | [12] 662.98  | [13] 181.00  | [14] 662.97  | [15] 0.00    | [16] 0.8%      | [17] 100.00%  | [18] 66.5%    | [19] 100.0%   | [20] (0,0s) | [21] (6,27s)  | [22] 0.2   | [23] 2m           | [24] 5.06     | [25] 0.2     | [26] 1011.6 | [27] 93081 | [28] 16347 | [29] 2221411 | [30] 2220593
2025-11-04 23:09:47> [0] 0.18m    | [1] 151 | [2] 6d7h      | [3] 25.0 | [4] 90.0  | [5] 21518 | [6] 2564  | [7] 20.94   | [8] 47.54    | [9] 21.06       | [10] 4.17    | [11] 690.82  | [12] 686.92  | [13] 167.64  | [14] 686.92  | [15] 0.00    | [16] 0.6%      | [17] 100.00%  | [18] 63.4%    | [19] 100.0%   | [20] (0,0s) | [21] (5,22s)  | [22] 0.2   | [23] 1.9m         | [24] 4.92     | [25] 0.2     | [26] 1175.6 | [27] 114599 | [28] 18911 | [29] 2715946 | [30] 2715128
2025-11-04 23:10:05> [0]          | [1] 168 | [2] 6d24h     | [3] 17.0 | [4] 100.0 | [5] 12706 | [6] 1578  | [7] 19.32   | [8] 47.54    | [9] 19.43       | [10] 3.84    | [11] 658.11  | [12] 653.73  | [13] 155.25  | [14] 653.73  | [15] 0.00    | [16] 0.6%      | [17] 100.00%  | [18] 65.3%    | [19] 100.0%   | [20] (0,0s) | [21] (5,21s)  | [22] 0.2   | [23] 1.9m         | [24] 5.22     | [25] 0.2     | [26] 1086.9 | [27] 127305 | [28] 20489 | [29] 3035184 | [30] 3034366
2025-11-04 23:10:17> Results preview: 
2025-11-04 23:10:17>  Trace: {'region': '201910', 'sample_ratio': 0.1, 'start': 0.0, 'only_gets': False} 
2025-11-04 23:10:17>  AP: acceptall, AcceptAll() 
2025-11-04 23:10:17>  Eviction Policy: LRU-custom, <BCacheSim.cachesim.eviction_policies.QueueCache object at 0x149e02f50> 
2025-11-04 23:10:17>  Average TTL: 0.00 s 
2025-11-04 23:10:17>  Duration so far: 6 days 23 hrs 57 mins 22 secs 
2025-11-04 23:10:17>  Duration: 6 days 23 hrs 57 mins 22 secs (1 hr intervals) 
2025-11-04 23:10:17>  Service Time Utilization (%)                         - 23.54178 
2025-11-04 23:10:17>  Service Time Utilization (%) [GET]                   - 18.67999 
2025-11-04 23:10:17>  Service Time Utilization (%) [PUT]                   - 4.86179 
2025-11-04 23:10:17>  Peak Service Time Utilization (%)                    - 54.26094 
2025-11-04 23:10:17>  Peak Service Time Utilization (%) [PUT]              - 9.23056 
2025-11-04 23:10:17>  Peak Service Time Utilization (%) [GET]              - 47.45564 
2025-11-04 23:10:17>  P99 Service Time Utilization (%)                     - 41.87847 
2025-11-04 23:10:17>  P99.9 Service Time Utilization (%)                   - 53.12725 
2025-11-04 23:10:17>  P99.99 Service Time Utilization (%)                  - 54.14757 
2025-11-04 23:10:17>  P99 Service Time Utilization (%) [GET]               - 34.30185 
2025-11-04 23:10:17>  P99.9 Service Time Utilization (%) [GET]             - 46.13079 
2025-11-04 23:10:17>  P99.99 Service Time Utilization (%) [GET]            - 47.32315 
2025-11-04 23:10:17>  P99 Service Time Utilization (%) [GET-NoCache]       - 38.14315 
2025-11-04 23:10:17>  P99.9 Service Time Utilization (%) [GET-NoCache]     - 46.38585 
2025-11-04 23:10:17>  P99.99 Service Time Utilization (%) [GET-NoCache]    - 47.60592 
2025-11-04 23:10:17>  P99 Service Time Utilization (%) [PUT]               - 9.03282 
2025-11-04 23:10:17>  P99.9 Service Time Utilization (%) [PUT]             - 9.21933 
2025-11-04 23:10:17>  P99.99 Service Time Utilization (%) [PUT]            - 9.22944 
2025-11-04 23:10:17>  P99 Service Time Saved ratio 1                       - 0.10071 
2025-11-04 23:10:17>  P99.9 Service Time Saved ratio 1                     - 0.00550 
2025-11-04 23:10:17>  P99.99 Service Time Saved ratio 1                    - 0.00594 
2025-11-04 23:10:17>  Peak Service Time Saved ratio 1 (range)              - 0.00599 
2025-11-04 23:10:17>  Peak Service Time Saved ratio 2 (1st M to end)       - 0.00590 
2025-11-04 23:10:17>  Service Time Saved ratio 1 (range)                   - 0.02530 
2025-11-04 23:10:17>  Service Time Saved ratio 2 (first miss to end)       - 0.02512 
2025-11-04 23:10:17>  Service Time Saved ratio 3 (start to end)            - 0.02493 
2025-11-04 23:10:17>  Service Time Saved ratio                             - 0.02493 
2025-11-04 23:10:17>  Bonus STS beyond STS(A) (Assumed EA too short)       - 0.00000 
2025-11-04 23:10:17>  Est Service Time Lost from late/readmits             - 0.63599 
2025-11-04 23:10:17>  ST + late/readmits potential                         - 0.66129 
2025-11-04 23:10:17>  Potential STS(Analysis) from Admitted Episodes       - 0.00000 
2025-11-04 23:10:17>  Service Time Saved (Analysis @ -1.0MB/s, -1.0GB)     - -1.00000 
2025-11-04 23:10:17>  Service Time Saved (Analysis @ -1.0MB/s)             - -1.00000 
2025-11-04 23:10:17>  Potential ST Saved (PF) (Analysis) from Admitted Eps - 0.00 
2025-11-04 23:10:17>  Wasted hits from late/readmits: 0 IOs, 3035184 chunks 
2025-11-04 23:10:17>  IOPS saved ratio                                     - 0.03499 
2025-11-04 23:10:17>  IOPS saved ratio (Flash)                             - 0.0350 
2025-11-04 23:10:17>  IOPS saved ratio (AdmitBuffer)                       - 0.0000 
2025-11-04 23:10:17>  IOPS saved ratio (Partial)                           - 0.00415 
2025-11-04 23:10:17>  IOPS saved ratio lost from late/readmits             - 0.00000 
2025-11-04 23:10:17>  IOPS SR (Analysis) from Admitted Episodes            - 0.00000 
2025-11-04 23:10:17>  IOPS SR (Analysis, ConstantThisEA)                   - -1.00000 
2025-11-04 23:10:17>  GETs                                                 - 127305 / 127305 
2025-11-04 23:10:17>      Saved                                            - 4454 
2025-11-04 23:10:17>      Misses                                           - 122851 
2025-11-04 23:10:17>      iops_requests/op/GET_TEMP                        - 31263 
2025-11-04 23:10:17>      iops_requests/op/GET_PERM                        - 95897 
2025-11-04 23:10:17>      iops_requests/op/GET_NOT_INIT                    - 145 
2025-11-04 23:10:17>  GET (No Cache) ST                                    - 19.2% 
2025-11-04 23:10:17>      service_time_nocache/op/GET_TEMP                 - 2.8% 
2025-11-04 23:10:17>      service_time_nocache/op/GET_PERM                 - 16.4% 
2025-11-04 23:10:17>      service_time_nocache/op/GET_NOT_INIT             - 0.0% 
2025-11-04 23:10:17>  PUTs                                                 - 20489 
2025-11-04 23:10:17>      puts_ios/op/PUT_TEMP                             - 8585 
2025-11-04 23:10:17>      puts_ios/op/PUT_PERM                             - 11904 
2025-11-04 23:10:17>  PUT ST                                               - 4.9% 
2025-11-04 23:10:17>      service_time_writes/op/PUT_TEMP                  - 2.6% 
2025-11-04 23:10:17>      service_time_writes/op/PUT_PERM                  - 2.3% 
2025-11-04 23:10:17>  Episodes admitted                                    - 3016818 (Analysis: -1) 
2025-11-04 23:10:17>  Chunk hit ratio                                      - 0.02013 
2025-11-04 23:10:17>  Chunk hit ratio (Flash)                              - 0.02013 
2025-11-04 23:10:17>  Flash Cache Hit Rate                                 - 0.02013 
2025-11-04 23:10:17>  Client Bandwidth [GET]                               - 640.37 MB/s 
2025-11-04 23:10:17>  Backend Bandwidth [GET+PUT]                          - 822.08 MB/s 
2025-11-04 23:10:17>  Backend Bandwidth [GET]                              - 627.52 MB/s 
2025-11-04 23:10:17>  Backend Bandwidth [PUT]                              - 194.56 MB/s 
2025-11-04 23:10:17>  Chunks Queried                                       - 3097546 
2025-11-04 23:10:17>  Chunks Saved                                         - 60385 
2025-11-04 23:10:17>  Chunks Fetched from Backend                          - 3035384 
2025-11-04 23:10:17>  Flash writes                                         - 3035184 
2025-11-04 23:10:17>  Acceptance Ratio                                     - 1.00000 
2025-11-04 23:10:17>  Flash write rate                                     - 627.48 MB/s 
2025-11-04 23:10:17>  Writing Chunks from Admitted Episodes                - 0.0 MB/s (WR Ratio: 0.00) 
2025-11-04 23:10:17>  Analysis Closest Write Rate                          - -1.00 
2025-11-04 23:10:17>  Flash Wasted % of WR                                 - 1.00 
2025-11-04 23:10:17>  Flash Wasted (by admit)                              -  
2025-11-04 23:10:17>  Flash Wasted (by evict)                              -  
2025-11-04 23:10:17>  Cache Size                                           - -1.00 GB (Analysis) vs 100.00 (Sim, 819 items) 
2025-11-04 23:10:17>  Flash Avg Eviction Age                               - (0.0,0.0s)
2025-11-04 23:10:17>  Assumed Flash EA 
2025-11-04 23:10:17>      Too Short/Bonus Hits                             - 0 (STSR: 0.00) 
2025-11-04 23:10:17>      Too Long/Extra Writes                            - 0 (WRR: 0.00) 
2025-11-04 23:10:17>  Flash Mean Time in System                            - (0.0,0.0s) 
2025-11-04 23:10:17>  Analysis Mean Time in System                         - -1 
2025-11-04 23:10:17>  Time to warmup                                       - 79, 1 min 35 secs 
2025-11-04 23:10:17>  Simulator RAM usage                                  - 0.2 GB 
2025-11-04 23:10:17>  Simulator Time                                       - 1 min 55 secs 
2025-11-04 23:10:17>  
2025-11-04 23:10:17> Results written to runs/ablations/e1_tau_dt_0.5/acceptall-0_lru_100GB/full_0_0.1_cache_perf.txt.stats.lzma
2025-11-04 23:10:17> Results written to runs/ablations/e1_tau_dt_0.5/acceptall-0_lru_100GB/full_0_0.1_cache_perf.txt.lzma
2025-11-04 23:10:17> 