[0] TimeLeft | [1] I   | [2] TraceTime | [3] Hrs$ | [4] %GETs | [5] GETs$ | [6] PUTs$ | [7] STGet%$ | [8] PeakST%$ | [9] STGetNoCa%$ | [10] STPut%$ | [11] ReqMBs$ | [12] GetMBs$ | [13] PutMBs$ | [14] FlaMBs$ | [15] PreMBs$ | [16] STSaved%$ | [17] STPref%$ | [18] Accept%$ | [19] STLate%$ | [20] Wasted%$ | [21] EA$ | [22] AvgIAMax | [23] RAMGb | [24] EstTotalTime | [25] Speedup$ | [26] GET/Ts$ | [27] GET/s$ | [28] MLbatch/s$ | [29] MLpred/s$ | [30] WarningRootEpNotfound | [31] WarningPutStartsAfterZero | [32] Flashcache/warningAdmittedEpsUnknown
2025-11-04 19:18:27> [0] 3.9m     | [1] 1   | [2] 0.17h     | [3] 0.2  | [4] 0.2   | [5] 228   | [6] 17    | [7] 21.29   | [8] 0.00     | [9] 29.16       | [10] 5.11    | [11] 881.34  | [12] 720.53  | [13] 216.82  | [14] 59.94   | [15] 18.81   | [16] 27.0%     | [17] 1.6%     | [18] 8.40%    | [19] 4.0%     | [20] 0.0%     | [21] 0   | [22] (9,26s)  | [23] 0.2   | [24] 3.9m         | [25] 1.43     | [26] 0.4     | [27] 537.3  | [28] 690.4      | [29] 10158.4   | [30] 228 | [31] 17 | [32] 290
2025-11-04 19:18:27> [0] TimeLeft | [1] I   | [2] TraceTime | [3] Hrs$ | [4] %GETs | [5] GETs$ | [6] PUTs$ | [7] STGet%$ | [8] PeakST%$ | [9] STGetNoCa%$ | [10] STPut%$ | [11] ReqMBs$ | [12] GetMBs$ | [13] PutMBs$ | [14] FlaMBs$ | [15] PreMBs$ | [16] STSaved%$ | [17] STPref%$ | [18] Accept%$ | [19] STLate%$ | [20] Wasted%$ | [21] EA$       | [22] AvgIAMax  | [23] RAMGb | [24] EstTotalTime | [25] Speedup$ | [26] GET/Ts$ | [27] GET/s$ | [28] MLbatch/s$ | [29] MLpred/s$ | [30] WarningRootEpNotfound | [31] WarningPutStartsAfterZero | [32] Flashcache/warningAdmittedEpsUnknown | [33] Flashcache/warningEvictedEpisodenotfound | [34] Flashcache/warningAdmitsPartial | [35] Flashcache/warningAdmitsPartialEpisodes
2025-11-04 19:19:11> [0] 4.4m     | [1] 145 | [2] 1d0.17h   | [3] 24.0 | [4] 14.3  | [5] 18030 | [6] 2960  | [7] 11.57   | [8] 17.63    | [9] 20.66       | [10] 5.09    | [11] 720.15  | [12] 423.88  | [13] 205.75  | [14] 30.83   | [15] 6.66    | [16] 44.0%     | [17] 0.8%     | [18] 7.24%    | [19] 2.9%     | [20] 33.8%    | [21] (1544,2h) | [22] (297,20m) | [23] 0.2   | [24] 5.1m         | [25] 1.99     | [26] 0.2     | [27] 415.0  | [28] 510.3      | [29] 8114.1    | [30] 18258 | [31] 2977 | [32] 21603 | [33] 18602 | [34] 40 | [35] 37
2025-11-04 19:19:11> [0] 3.9m     | [1] 290 | [2] 2d0.33h   | [3] 24.2 | [4] 27.5  | [5] 16688 | [6] 3414  | [7] 11.42   | [8] 23.59    | [9] 16.26       | [10] 5.79    | [11] 521.68  | [12] 411.98  | [13] 233.57  | [14] 31.07   | [15] 10.00   | [16] 29.8%     | [17] 1.6%     | [18] 3.88%    | [19] 3.7%     | [20] 35.7%    | [21] (1653,2h) | [22] (257,17m) | [23] 0.2   | [24] 5.3m         | [25] 2.08     | [26] 0.2     | [27] 398.5  | [28] 532.2      | [29] 8239.8    | [30] 34946 | [31] 6391 | [32] 43231 | [33] 40230 | [34] 83 | [35] 78
2025-11-04 19:19:53> [0] 3.4m     | [1] 434 | [2] 3d0.34h   | [3] 24.0 | [4] 40.4  | [5] 16541 | [6] 3206  | [7] 11.75   | [8] 23.59    | [9] 16.37       | [10] 5.21    | [11] 528.04  | [12] 426.98  | [13] 207.33  | [14] 26.46   | [15] 7.17    | [16] 28.2%     | [17] 1.0%     | [18] 2.20%    | [19] 3.1%     | [20] 32.2%    | [21] (1773,2h) | [22] (270,18m) | [23] 0.3   | [24] 5.5m         | [25] 1.97     | [26] 0.2     | [27] 376.9  | [28] 516.7      | [29] 7982.4    | [30] 51487 | [31] 9597 | [32] 61525 | [33] 58524 | [34] 126 | [35] 118
2025-11-04 19:20:37> [0] 2.8m     | [1] 579 | [2] 4d0.5h    | [3] 24.2 | [4] 55.3  | [5] 18905 | [6] 3238  | [7] 14.89   | [8] 23.59    | [9] 20.01       | [10] 4.97    | [11] 672.47  | [12] 543.66  | [13] 194.52  | [14] 40.71   | [15] 6.64    | [16] 25.6%     | [17] 0.8%     | [18] 2.38%    | [19] 4.0%     | [20] 27.7%    | [21] (1381,2h) | [22] (286,19m) | [23] 0.2   | [24] 5.9m         | [25] 1.53     | [26] 0.2     | [27] 333.5  | [28] 507.8      | [29] 7760.5    | [30] 70392 | [31] 12835 | [32] 89846 | [33] 86845 | [34] 198 | [35] 184
2025-11-04 19:21:33> [0] 2.5m     | [1] 710 | [2] 4d22h     | [3] 21.8 | [4] 68.3  | [5] 16523 | [6] 2729  | [7] 14.63   | [8] 27.68    | [9] 19.38       | [10] 4.85    | [11] 651.84  | [12] 537.25  | [13] 192.83  | [14] 36.30   | [15] 7.54    | [16] 24.5%     | [17] 0.9%     | [18] 1.53%    | [19] 3.6%     | [20] 31.9%    | [21] (1430,2h) | [22] (301,20m) | [23] 0.2   | [24] 6.6m         | [25] 1.31     | [26] 0.2     | [27] 274.4  | [28] 427.2      | [29] 6530.5    | [30] 86915 | [31] 15564 | [32] 112677 | [33] 109676 | [34] 243 | [35] 227
2025-11-04 19:22:34> [0] 1.1m     | [1] 838 | [2] 5d20h     | [3] 21.3 | [4] 83.3  | [5] 19133 | [6] 2285  | [7] 15.65   | [8] 27.68    | [9] 22.01       | [10] 4.32    | [11] 723.24  | [12] 582.51  | [13] 173.21  | [14] 40.39   | [15] 8.42    | [16] 28.9%     | [17] 0.9%     | [18] 1.36%    | [19] 3.6%     | [20] 37.3%    | [21] (1223,1h) | [22] (305,20m) | [23] 0.1   | [24] 6.2m         | [25] 1.28     | [26] 0.2     | [27] 318.2  | [28] 451.7      | [29] 6998.7    | [30] 106048 | [31] 17849 | [32] 137488 | [33] 134487 | [34] 313 | [35] 294
2025-11-04 19:23:34> [0] 0.23m    | [1] 977 | [2] 6d19h     | [3] 23.2 | [4] 96.9  | [5] 17358 | [6] 2167  | [7] 14.05   | [8] 27.68    | [9] 19.72       | [10] 4.00    | [11] 672.96  | [12] 528.59  | [13] 163.28  | [14] 29.34   | [15] 5.23    | [16] 28.8%     | [17] 0.6%     | [18] 0.91%    | [19] 2.9%     | [20] 39.8%    | [21] (1466,2h) | [22] (311,20m) | [23] 0.2   | [24] 6.3m         | [25] 1.38     | [26] 0.2     | [27] 287.3  | [28] 435.9      | [29] 6772.8    | [30] 123406 | [31] 20016 | [32] 157061 | [33] 154060 | [34] 365 | [35] 341
2025-11-04 19:24:34> [0] TimeLeft | [1] I    | [2] TraceTime | [3] Hrs$ | [4] %GETs | [5] GETs$ | [6] PUTs$ | [7] STGet%$ | [8] PeakST%$ | [9] STGetNoCa%$ | [10] STPut%$ | [11] ReqMBs$ | [12] GetMBs$ | [13] PutMBs$ | [14] FlaMBs$ | [15] PreMBs$ | [16] STSaved%$ | [17] STPref%$ | [18] Accept%$ | [19] STLate%$ | [20] Wasted%$ | [21] EA$       | [22] AvgIAMax  | [23] RAMGb | [24] EstTotalTime | [25] Speedup$ | [26] GET/Ts$ | [27] GET/s$ | [28] MLbatch/s$ | [29] MLpred/s$ | [30] WarningRootEpNotfound | [31] WarningPutStartsAfterZero | [32] Flashcache/warningAdmittedEpsUnknown | [33] Flashcache/warningEvictedEpisodenotfound | [34] Flashcache/warningAdmitsPartial | [35] Flashcache/warningAdmitsPartialEpisodes
2025-11-04 19:24:47> [0]          | [1] 1008 | [2] 6d24h     | [3] 5.1  | [4] 100.0 | [5] 3899  | [6] 473   | [7] 12.66   | [8] 27.68    | [9] 19.43       | [10] 3.45    | [11] 652.27  | [12] 489.90  | [13] 135.37  | [14] 28.39   | [15] 4.69    | [16] 34.8%     | [17] 0.5%     | [18] 0.19%    | [19] 2.8%     | [20] 29.4%    | [21] (1504,2h) | [22] (314,21m) | [23] 0.1   | [24] 6.3m         | [25] 1.40     | [26] 0.2     | [27] 295.2  | [28] 396.2      | [29] 6388.1    | [30] 127305 | [31] 20489 | [32] 161248 | [33] 158247 | [34] 377 | [35] 352
2025-11-04 19:24:47> Results preview: 
2025-11-04 19:24:47>  Trace: {'region': '201910', 'sample_ratio': 0.1, 'start': 0.0, 'only_gets': False} 
2025-11-04 19:24:47>  AP: mlnew, NewMLAP(th=0.798545, fs=meta+block+chunk) 
2025-11-04 19:24:47>  Prefetching: Prefetcher(when=partial, range=acctime-episode-predict) 
2025-11-04 19:24:47>  Eviction Policy: LRU, <BCacheSim.cachesim.eviction_policies.QueueCache object at 0x1200070d0> 
2025-11-04 19:24:47>  Average TTL: 0.00 s 
2025-11-04 19:24:47>  Duration so far: 6 days 23 hrs 57 mins 22 secs 
2025-11-04 19:24:47>  Duration: 6 days 23 hrs 57 mins 22 secs (10 mins intervals) 
2025-11-04 19:24:47>  Service Time Utilization (%)                         - 18.21435 
2025-11-04 19:24:47>  Service Time Utilization (%) [GET]                   - 13.35256 
2025-11-04 19:24:47>  Service Time Utilization (%) [PUT]                   - 4.86179 
2025-11-04 19:24:47>  Peak Service Time Utilization (%)                    - 38.71801 
2025-11-04 19:24:47>  Peak Service Time Utilization (%) [PUT]              - 13.78412 
2025-11-04 19:24:47>  Peak Service Time Utilization (%) [GET]              - 27.21886 
2025-11-04 19:24:47>  P99 Service Time Utilization (%)                     - 28.42318 
2025-11-04 19:24:47>  P99.9 Service Time Utilization (%)                   - 32.80928 
2025-11-04 19:24:47>  P99.99 Service Time Utilization (%)                  - 38.12714 
2025-11-04 19:24:47>  P99 Service Time Utilization (%) [GET]               - 21.85768 
2025-11-04 19:24:47>  P99.9 Service Time Utilization (%) [GET]             - 24.95599 
2025-11-04 19:24:47>  P99.99 Service Time Utilization (%) [GET]            - 26.99257 
2025-11-04 19:24:47>  P99 Service Time Utilization (%) [GET-NoCache]       - 36.42881 
2025-11-04 19:24:47>  P99.9 Service Time Utilization (%) [GET-NoCache]     - 67.16339 
2025-11-04 19:24:47>  P99.99 Service Time Utilization (%) [GET-NoCache]    - 138.86694 
2025-11-04 19:24:47>  P99 Service Time Utilization (%) [PUT]               - 10.70621 
2025-11-04 19:24:47>  P99.9 Service Time Utilization (%) [PUT]             - 13.09393 
2025-11-04 19:24:47>  P99.99 Service Time Utilization (%) [PUT]            - 13.71510 
2025-11-04 19:24:47>  P99 Service Time Saved ratio 1                       - 0.39999 
2025-11-04 19:24:47>  P99.9 Service Time Saved ratio 1                     - 0.62843 
2025-11-04 19:24:47>  P99.99 Service Time Saved ratio 1                    - 0.80562 
2025-11-04 19:24:47>  Peak Service Time Saved ratio 1 (range)              - 0.81463 
2025-11-04 19:24:47>  Peak Service Time Saved ratio 2 (1st M to end)       - 0.81460 
2025-11-04 19:24:47>  Service Time Saved ratio 1 (range)                   - 0.30328 
2025-11-04 19:24:47>  Service Time Saved ratio 2 (first miss to end)       - 0.30228 
2025-11-04 19:24:47>  Service Time Saved ratio 3 (start to end)            - 0.30084 
2025-11-04 19:24:47>  Service Time Saved ratio                             - 0.30220 
2025-11-04 19:24:47>  Bonus STS beyond STS(A) (Assumed EA too short)       - 0.00000 
2025-11-04 19:24:47>  Est Service Time Lost from late/readmits             - 0.03379 
2025-11-04 19:24:47>  ST + late/readmits potential                         - 0.33707 
2025-11-04 19:24:47>  Potential STS(Analysis) from Admitted Episodes       - 0.00000 
2025-11-04 19:24:47>  Service Time Saved (Analysis @ -1.0MB/s, -1.0GB)     - -1.00000 
2025-11-04 19:24:47>  Service Time Saved (Analysis @ -1.0MB/s)             - -1.00000 
2025-11-04 19:24:47>  Service Time Saved By Prefetch ratio                 - 0.02167 
2025-11-04 19:24:47>  Service Time Saved by Flash (No Prefetch cost) ratio - 0.15237 
2025-11-04 19:24:47>  Service Time Saved (No Prefetch Cost) ratio          - 0.30960 
2025-11-04 19:24:47>  Service Time Spent on All Prefetches ratio           - 0.00740 
2025-11-04 19:24:47>  Service Time Spent on Wasted Prefetch ratio          - 0.00367 
2025-11-04 19:24:47>  Net Service Time From Good Prefetching ratio         - 0.01794 
2025-11-04 19:24:47>  Net Service Time From Prefetch ratio                 - 0.01427 
2025-11-04 19:24:47>  Potential ST Saved (PF) (Analysis) from Admitted Eps - 0.00 
2025-11-04 19:24:47>  Wasted hits from late/readmits: 0 IOs, 161248 chunks 
2025-11-04 19:24:47>  IOPS saved ratio                                     - 0.43418 
2025-11-04 19:24:47>  IOPS saved ratio (FlashPrefetchFirstHit)             - 0.0530 
2025-11-04 19:24:47>  IOPS saved ratio (Flash)                             - 0.4342 
2025-11-04 19:24:47>  IOPS saved ratio (AdmitBuffer)                       - 0.0000 
2025-11-04 19:24:47>  IOPS saved ratio (FlashPrefetch)                     - 0.1093 
2025-11-04 19:24:47>  IOPS saved ratio (Partial)                           - 0.02403 
2025-11-04 19:24:47>  IOPS saved ratio lost from late/readmits             - 0.00000 
2025-11-04 19:24:47>  IOPS SR (Analysis) from Admitted Episodes            - 0.00000 
2025-11-04 19:24:47>  IOPS SR (Analysis, ConstantThisEA)                   - -1.00000 
2025-11-04 19:24:47>  GETs                                                 - 127305 / 127305 
2025-11-04 19:24:47>      Saved                                            - 55273 
2025-11-04 19:24:47>      Misses                                           - 72032 
2025-11-04 19:24:47>      iops_requests/op/GET_TEMP                        - 31263 
2025-11-04 19:24:47>      iops_requests/op/GET_PERM                        - 95897 
2025-11-04 19:24:47>      iops_requests/op/GET_NOT_INIT                    - 145 
2025-11-04 19:24:47>  GET (No Cache) ST                                    - 19.2% 
2025-11-04 19:24:47>      service_time_nocache/op/GET_TEMP                 - 2.8% 
2025-11-04 19:24:47>      service_time_nocache/op/GET_PERM                 - 16.4% 
2025-11-04 19:24:47>      service_time_nocache/op/GET_NOT_INIT             - 0.0% 
2025-11-04 19:24:47>  PUTs                                                 - 20489 
2025-11-04 19:24:47>      puts_ios/op/PUT_TEMP                             - 8585 
2025-11-04 19:24:47>      puts_ios/op/PUT_PERM                             - 11904 
2025-11-04 19:24:47>  PUT ST                                               - 4.9% 
2025-11-04 19:24:47>      service_time_writes/op/PUT_TEMP                  - 2.6% 
2025-11-04 19:24:47>      service_time_writes/op/PUT_PERM                  - 2.3% 
2025-11-04 19:24:47>  Episodes admitted                                    - 4752 (Analysis: -1) 
2025-11-04 19:24:47>  Chunk hit ratio                                      - 0.24718 
2025-11-04 19:24:47>  Chunk hit ratio (Flash)                              - 0.24718 
2025-11-04 19:24:47>  Flash Cache Hit Rate                                 - 0.24718 
2025-11-04 19:24:47>  Client Bandwidth [GET]                               - 640.37 MB/s 
2025-11-04 19:24:47>  Backend Bandwidth [GET+PUT]                          - 686.04 MB/s 
2025-11-04 19:24:47>  Backend Bandwidth [GET]                              - 491.48 MB/s 
2025-11-04 19:24:47>  Backend Bandwidth [PUT]                              - 194.56 MB/s 
2025-11-04 19:24:47>  Chunks Queried                                       - 3097546 
2025-11-04 19:24:47>  Chunks Saved                                         - 750372 
2025-11-04 19:24:47>  Chunks Fetched from Backend                          - 2377346 
2025-11-04 19:24:47>     Demand [Not Prefetch]                             - 2332779 
2025-11-04 19:24:47>    Prefetch                                           - 44567 
2025-11-04 19:24:47>  Prefetches                                           - 35323 
2025-11-04 19:24:47>     Good                                              - 14731 
2025-11-04 19:24:47>     Wasted                                            - 17514 (0.5432) 
2025-11-04 19:24:47>     Failed (Exists)                                   - 65838 
2025-11-04 19:24:47>  Flash writes                                         - 161248 
2025-11-04 19:24:47>  Acceptance Ratio                                     - 0.06812 
2025-11-04 19:24:47>  Flash write rate                                     - 33.34 MB/s 
2025-11-04 19:24:47>  Writing Chunks from Admitted Episodes                - 0.0 MB/s (WR Ratio: 0.00) 
2025-11-04 19:24:47>  Analysis Closest Write Rate                          - -1.00 
2025-11-04 19:24:47>  Flash Wasted % of WR                                 - 0.33 
2025-11-04 19:24:47>  Flash Wasted (by admit)                              -  
2025-11-04 19:24:47>  Flash Wasted (by evict)                              - Prefetch: 0.109 
2025-11-04 19:24:47>  Flash prefetch ratio                                 - 0.22 
2025-11-04 19:24:47>  Flash prefetch write rate                            - 7.30 MB/s 
2025-11-04 19:24:47>  Cache Size                                           - -1.00 GB (Analysis) vs 366.48 (Sim, 3002 items) 
2025-11-04 19:24:47>  Flash Avg Eviction Age                               - (1478.7,1.7h)
2025-11-04 19:24:47>  Assumed Flash EA 
2025-11-04 19:24:47>      Too Short/Bonus Hits                             - 0 (STSR: 0.00) 
2025-11-04 19:24:47>      Too Long/Extra Writes                            - 0 (WRR: 0.00) 
2025-11-04 19:24:47>  Flash Mean Time in System                            - (2653.4,3.0h) 
2025-11-04 19:24:47>  Analysis Mean Time in System                         - -1 
2025-11-04 19:24:47>  Time to warmup                                       - 3009, 2 hrs 9 mins 12 secs 
2025-11-04 19:24:47>  Simulator RAM usage                                  - 0.1 GB 
2025-11-04 19:24:47>  Simulator Time                                       - 6 mins 20 secs 
2025-11-04 19:24:47>  
2025-11-04 19:24:47> Results written to runs/example/baleen/prefetch_ml-on-partial-hit/ml-ap-0.798545_6_lru_366.475GB/full_0_0.1_cache_perf.txt.stats.lzma
2025-11-04 19:24:49> Results written to runs/example/baleen/prefetch_ml-on-partial-hit/ml-ap-0.798545_6_lru_366.475GB/full_0_0.1_cache_perf.txt.lzma
2025-11-04 19:24:49> 