[0] TimeLeft | [1] I   | [2] TraceTime | [3] Hrs$ | [4] %GETs | [5] GETs$ | [6] PUTs$ | [7] STGet%$ | [8] PeakST%$ | [9] STGetNoCa%$ | [10] STPut%$ | [11] ReqMBs$ | [12] GetMBs$ | [13] PutMBs$ | [14] FlaMBs$ | [15] PreMBs$ | [16] STSaved%$ | [17] Accept%$ | [18] STLate%$ | [19] Wasted%$ | [20] EA$     | [21] AvgIAMax | [22] RAMGb | [23] EstTotalTime | [24] Speedup$ | [25] GET/Ts$ | [26] GET/s$ | [27] WarningRootEpNotfound | [28] WarningPutStartsAfterZero | [29] Flashcache/warningAdmittedEpsUnknown | [30] Flashcache/warningEvictedEpisodenotfound
2025-11-04 23:32:31> [0] 1.3m     | [1] 1   | [2] 1h        | [3] 1.0  | [4] 1.1   | [5] 1350  | [6] 95    | [7] 16.31   | [8] 0.00     | [9] 28.94       | [10] 4.34    | [11] 873.26  | [12] 548.88  | [13] 180.01  | [14] 548.32  | [15] 0.00    | [16] 43.6%     | [17] 100.00%  | [18] 36.8%    | [19] 84.1%    | [20] (64,3m) | [21] (3,8s)   | [22] 0.2   | [23] 1.3m         | [24] 4.40     | [25] 0.4     | [26] 1649.2 | [27] 1350 | [28] 95 | [29] 15800 | [30] 14982
2025-11-04 23:32:31> [0] 1.6m     | [1] 26  | [2] 1d2h      | [3] 25.0 | [4] 16.4  | [5] 19565 | [6] 3194  | [7] 15.13   | [8] 22.49    | [9] 21.04       | [10] 5.29    | [11] 725.47  | [12] 537.06  | [13] 213.73  | [14] 536.07  | [15] 0.00    | [16] 28.1%     | [17] 100.00%  | [18] 49.5%    | [19] 89.6%    | [20] (42,3m) | [21] (2,8s)   | [22] 0.2   | [23] 1.9m         | [24] 5.21     | [25] 0.2     | [26] 1133.0 | [27] 20915 | [28] 3289 | [29] 401828 | [30] 401010
2025-11-04 23:32:49> [0] 1.3m     | [1] 51  | [2] 2d3h      | [3] 25.0 | [4] 29.8  | [5] 16976 | [6] 3576  | [7] 12.94   | [8] 22.49    | [9] 15.95       | [10] 5.77    | [11] 511.08  | [12] 439.43  | [13] 231.92  | [14] 439.21  | [15] 0.00    | [16] 18.9%     | [17] 100.00%  | [18] 53.5%    | [19] 92.7%    | [20] (47,4m) | [21] (2,6s)   | [22] 0.2   | [23] 1.8m         | [24] 6.09     | [25] 0.2     | [26] 1148.3 | [27] 37891 | [28] 6865 | [29] 718017 | [30] 717199
2025-11-04 23:33:03> [0] 1.1m     | [1] 76  | [2] 3d4h      | [3] 25.0 | [4] 42.4  | [5] 16121 | [6] 3159  | [7] 13.46   | [8] 22.49    | [9] 16.08       | [10] 4.94    | [11] 533.33  | [12] 468.35  | [13] 196.64  | [14] 468.16  | [15] 0.00    | [16] 16.3%     | [17] 100.00%  | [18] 56.5%    | [19] 92.4%    | [20] (42,3m) | [21] (2,6s)   | [22] 0.2   | [23] 1.9m         | [24] 6.23     | [25] 0.2     | [26] 1115.9 | [27] 54012 | [28] 10024 | [29] 1055097 | [30] 1054279
2025-11-04 23:33:18> [0] 0.78m    | [1] 101 | [2] 4d5h      | [3] 25.0 | [4] 59.0  | [5] 21077 | [6] 3459  | [7] 17.38   | [8] 24.23    | [9] 20.92       | [10] 5.18    | [11] 692.04  | [12] 613.81  | [13] 203.67  | [14] 613.72  | [15] 0.00    | [16] 16.9%     | [17] 100.00%  | [18] 57.0%    | [19] 92.7%    | [20] (42,3m) | [21] (1,6s)   | [22] 0.3   | [23] 1.9m         | [24] 4.78     | [25] 0.2     | [26] 1118.3 | [27] 75089 | [28] 13483 | [29] 1496962 | [30] 1496144
2025-11-04 23:33:37> [0] 0.58m    | [1] 126 | [2] 5d6h      | [3] 25.0 | [4] 73.1  | [5] 17992 | [6] 2864  | [7] 16.92   | [8] 24.23    | [9] 19.36       | [10] 4.53    | [11] 668.09  | [12] 607.86  | [13] 181.00  | [14] 607.81  | [15] 0.00    | [16] 12.6%     | [17] 100.00%  | [18] 61.0%    | [19] 93.8%    | [20] (36,3m) | [21] (1,5s)   | [22] 0.2   | [23] 2m           | [24] 4.96     | [25] 0.2     | [26] 990.8  | [27] 93081 | [28] 16347 | [29] 1934624 | [30] 1933806
2025-11-04 23:33:55> [0] 0.18m    | [1] 151 | [2] 6d7h      | [3] 25.0 | [4] 90.0  | [5] 21518 | [6] 2564  | [7] 17.53   | [8] 24.23    | [9] 21.06       | [10] 4.17    | [11] 690.82  | [12] 618.34  | [13] 167.64  | [14] 618.15  | [15] 0.00    | [16] 16.7%     | [17] 100.00%  | [18] 57.0%    | [19] 94.1%    | [20] (41,3m) | [21] (1,5s)   | [22] 0.3   | [23] 1.9m         | [24] 4.79     | [25] 0.2     | [26] 1145.0 | [27] 114599 | [28] 18911 | [29] 2379654 | [30] 2378836
2025-11-04 23:34:14> [0]          | [1] 168 | [2] 6d24h     | [3] 17.0 | [4] 100.0 | [5] 12706 | [6] 1578  | [7] 15.58   | [8] 24.23    | [9] 19.43       | [10] 3.84    | [11] 658.11  | [12] 575.96  | [13] 155.25  | [14] 575.42  | [15] 0.00    | [16] 19.8%     | [17] 100.00%  | [18] 57.5%    | [19] 93.7%    | [20] (37,3m) | [21] (1,5s)   | [22] 0.3   | [23] 1.9m         | [24] 5.10     | [25] 0.2     | [26] 1060.8 | [27] 127305 | [28] 20489 | [29] 2660649 | [30] 2659831
2025-11-04 23:34:26> Results preview: 
2025-11-04 23:34:26>  Trace: {'region': '201910', 'sample_ratio': 0.1, 'start': 0.0, 'only_gets': False} 
2025-11-04 23:34:26>  AP: acceptall, AcceptAll() 
2025-11-04 23:34:26>  Eviction Policy: LRU-custom, <BCacheSim.cachesim.eviction_policies.QueueCache object at 0x127f514d0> 
2025-11-04 23:34:26>  Average TTL: 0.00 s 
2025-11-04 23:34:26>  Duration so far: 6 days 23 hrs 57 mins 22 secs 
2025-11-04 23:34:26>  Duration: 6 days 23 hrs 57 mins 22 secs (1 hr intervals) 
2025-11-04 23:34:26>  Service Time Utilization (%)                         - 20.42815 
2025-11-04 23:34:26>  Service Time Utilization (%) [GET]                   - 15.56636 
2025-11-04 23:34:26>  Service Time Utilization (%) [PUT]                   - 4.86179 
2025-11-04 23:34:26>  Peak Service Time Utilization (%)                    - 32.04559 
2025-11-04 23:34:26>  Peak Service Time Utilization (%) [PUT]              - 9.23056 
2025-11-04 23:34:26>  Peak Service Time Utilization (%) [GET]              - 24.25745 
2025-11-04 23:34:26>  P99 Service Time Utilization (%)                     - 30.15847 
2025-11-04 23:34:26>  P99.9 Service Time Utilization (%)                   - 31.82581 
2025-11-04 23:34:26>  P99.99 Service Time Utilization (%)                  - 32.02362 
2025-11-04 23:34:26>  P99 Service Time Utilization (%) [GET]               - 22.17109 
2025-11-04 23:34:26>  P99.9 Service Time Utilization (%) [GET]             - 23.95750 
2025-11-04 23:34:26>  P99.99 Service Time Utilization (%) [GET]            - 24.22746 
2025-11-04 23:34:26>  P99 Service Time Utilization (%) [GET-NoCache]       - 38.14315 
2025-11-04 23:34:26>  P99.9 Service Time Utilization (%) [GET-NoCache]     - 46.38585 
2025-11-04 23:34:26>  P99.99 Service Time Utilization (%) [GET-NoCache]    - 47.60592 
2025-11-04 23:34:26>  P99 Service Time Utilization (%) [PUT]               - 9.03282 
2025-11-04 23:34:26>  P99.9 Service Time Utilization (%) [PUT]             - 9.21933 
2025-11-04 23:34:26>  P99.99 Service Time Utilization (%) [PUT]            - 9.22944 
2025-11-04 23:34:26>  P99 Service Time Saved ratio 1                       - 0.41874 
2025-11-04 23:34:26>  P99.9 Service Time Saved ratio 1                     - 0.48352 
2025-11-04 23:34:26>  P99.99 Service Time Saved ratio 1                    - 0.49108 
2025-11-04 23:34:26>  Peak Service Time Saved ratio 1 (range)              - 0.49190 
2025-11-04 23:34:26>  Peak Service Time Saved ratio 2 (1st M to end)       - 0.48964 
2025-11-04 23:34:26>  Service Time Saved ratio 1 (range)                   - 0.18777 
2025-11-04 23:34:26>  Service Time Saved ratio 2 (first miss to end)       - 0.18442 
2025-11-04 23:34:26>  Service Time Saved ratio 3 (start to end)            - 0.18083 
2025-11-04 23:34:26>  Service Time Saved ratio                             - 0.18083 
2025-11-04 23:34:26>  Bonus STS beyond STS(A) (Assumed EA too short)       - 0.00000 
2025-11-04 23:34:26>  Est Service Time Lost from late/readmits             - 0.55751 
2025-11-04 23:34:26>  ST + late/readmits potential                         - 0.74528 
2025-11-04 23:34:26>  Potential STS(Analysis) from Admitted Episodes       - 0.00000 
2025-11-04 23:34:26>  Service Time Saved (Analysis @ -1.0MB/s, -1.0GB)     - -1.00000 
2025-11-04 23:34:26>  Service Time Saved (Analysis @ -1.0MB/s)             - -1.00000 
2025-11-04 23:34:26>  Potential ST Saved (PF) (Analysis) from Admitted Eps - 0.00 
2025-11-04 23:34:26>  Wasted hits from late/readmits: 0 IOs, 2660649 chunks 
2025-11-04 23:34:26>  IOPS saved ratio                                     - 0.27509 
2025-11-04 23:34:26>  IOPS saved ratio (Flash)                             - 0.2751 
2025-11-04 23:34:26>  IOPS saved ratio (AdmitBuffer)                       - 0.0000 
2025-11-04 23:34:26>  IOPS saved ratio (Partial)                           - 0.14653 
2025-11-04 23:34:26>  IOPS saved ratio lost from late/readmits             - 0.00000 
2025-11-04 23:34:26>  IOPS SR (Analysis) from Admitted Episodes            - 0.00000 
2025-11-04 23:34:26>  IOPS SR (Analysis, ConstantThisEA)                   - -1.00000 
2025-11-04 23:34:26>  GETs                                                 - 127305 / 127305 
2025-11-04 23:34:26>      Saved                                            - 35020 
2025-11-04 23:34:26>      Misses                                           - 92285 
2025-11-04 23:34:26>      iops_requests/op/GET_TEMP                        - 31263 
2025-11-04 23:34:26>      iops_requests/op/GET_PERM                        - 95897 
2025-11-04 23:34:26>      iops_requests/op/GET_NOT_INIT                    - 145 
2025-11-04 23:34:26>  GET (No Cache) ST                                    - 19.2% 
2025-11-04 23:34:26>      service_time_nocache/op/GET_TEMP                 - 2.8% 
2025-11-04 23:34:26>      service_time_nocache/op/GET_PERM                 - 16.4% 
2025-11-04 23:34:26>      service_time_nocache/op/GET_NOT_INIT             - 0.0% 
2025-11-04 23:34:26>  PUTs                                                 - 20489 
2025-11-04 23:34:26>      puts_ios/op/PUT_TEMP                             - 8585 
2025-11-04 23:34:26>      puts_ios/op/PUT_PERM                             - 11904 
2025-11-04 23:34:26>  PUT ST                                               - 4.9% 
2025-11-04 23:34:26>      service_time_writes/op/PUT_TEMP                  - 2.6% 
2025-11-04 23:34:26>      service_time_writes/op/PUT_PERM                  - 2.3% 
2025-11-04 23:34:26>  Episodes admitted                                    - 58100 (Analysis: -1) 
2025-11-04 23:34:26>  Chunk hit ratio                                      - 0.14105 
2025-11-04 23:34:26>  Chunk hit ratio (Flash)                              - 0.14105 
2025-11-04 23:34:26>  Flash Cache Hit Rate                                 - 0.14105 
2025-11-04 23:34:26>  Client Bandwidth [GET]                               - 640.37 MB/s 
2025-11-04 23:34:26>  Backend Bandwidth [GET+PUT]                          - 744.92 MB/s 
2025-11-04 23:34:26>  Backend Bandwidth [GET]                              - 550.36 MB/s 
2025-11-04 23:34:26>  Backend Bandwidth [PUT]                              - 194.56 MB/s 
2025-11-04 23:34:26>  Chunks Queried                                       - 3097546 
2025-11-04 23:34:26>  Chunks Saved                                         - 402280 
2025-11-04 23:34:26>  Chunks Fetched from Backend                          - 2662167 
2025-11-04 23:34:26>  Flash writes                                         - 2660649 
2025-11-04 23:34:26>  Acceptance Ratio                                     - 1.00000 
2025-11-04 23:34:26>  Flash write rate                                     - 550.05 MB/s 
2025-11-04 23:34:26>  Writing Chunks from Admitted Episodes                - 0.0 MB/s (WR Ratio: 0.00) 
2025-11-04 23:34:26>  Analysis Closest Write Rate                          - -1.00 
2025-11-04 23:34:26>  Flash Wasted % of WR                                 - 0.93 
2025-11-04 23:34:26>  Flash Wasted (by admit)                              -  
2025-11-04 23:34:26>  Flash Wasted (by evict)                              -  
2025-11-04 23:34:26>  Cache Size                                           - -1.00 GB (Analysis) vs 100.00 (Sim, 819 items) 
2025-11-04 23:34:26>  Flash Avg Eviction Age                               - (41.1,2.9m)
2025-11-04 23:34:26>  Assumed Flash EA 
2025-11-04 23:34:26>      Too Short/Bonus Hits                             - 0 (STSR: 0.00) 
2025-11-04 23:34:26>      Too Long/Extra Writes                            - 0 (WRR: 0.00) 
2025-11-04 23:34:26>  Flash Mean Time in System                            - (45.4,3.1m) 
2025-11-04 23:34:26>  Analysis Mean Time in System                         - -1 
2025-11-04 23:34:26>  Time to warmup                                       - 79, 1 min 35 secs 
2025-11-04 23:34:26>  Simulator RAM usage                                  - 0.3 GB 
2025-11-04 23:34:26>  Simulator Time                                       - 1 min 55 secs 
2025-11-04 23:34:26>  
2025-11-04 23:34:26> Results written to runs/ablations/e2_alpha_tti_0.7/acceptall-0_lru_100GB/full_0_0.1_cache_perf.txt.stats.lzma
2025-11-04 23:34:26> Results written to runs/ablations/e2_alpha_tti_0.7/acceptall-0_lru_100GB/full_0_0.1_cache_perf.txt.lzma
2025-11-04 23:34:26> 